\BOOKMARK [0][-]{chapter.1}{\376\377\000I\000n\000t\000r\000o\000d\000u\000c\000t\000i\000o\000n}{}% 1
\BOOKMARK [1][-]{section.1.1}{\376\377\000M\000o\000t\000i\000v\000a\000t\000i\000o\000n}{chapter.1}% 2
\BOOKMARK [1][-]{section.1.2}{\376\377\000G\000o\000a\000l\000\040\000o\000f\000\040\000t\000h\000e\000\040\000t\000h\000e\000s\000i\000s}{chapter.1}% 3
\BOOKMARK [1][-]{section.1.3}{\376\377\000O\000u\000t\000l\000i\000n\000e}{chapter.1}% 4
\BOOKMARK [0][-]{chapter.2}{\376\377\000B\000a\000c\000k\000g\000r\000o\000u\000n\000d}{}% 5
\BOOKMARK [1][-]{section.2.1}{\376\377\000T\000a\000k\000i\000n\000g\000\040\000i\000n\000s\000p\000i\000r\000a\000t\000i\000o\000n\000\040\000f\000r\000o\000m\000\040\000p\000s\000y\000c\000h\000o\000l\000o\000g\000y}{chapter.2}% 6
\BOOKMARK [1][-]{section.2.2}{\376\377\000T\000a\000k\000i\000n\000g\000\040\000i\000n\000s\000p\000i\000r\000a\000t\000i\000o\000n\000\040\000f\000r\000o\000m\000\040\000n\000a\000t\000u\000r\000a\000l\000\040\000p\000h\000e\000n\000o\000m\000e\000n\000a}{chapter.2}% 7
\BOOKMARK [2][-]{subsection.2.2.1}{\376\377\000M\000u\000l\000t\000i\000-\000a\000g\000e\000n\000t\000\040\000s\000y\000s\000t\000e\000m\000s\000\040\000c\000o\000n\000c\000e\000p\000t\000s}{section.2.2}% 8
\BOOKMARK [1][-]{section.2.3}{\376\377\000O\000s\000c\000i\000l\000l\000a\000t\000o\000r\000s\000\040\000a\000n\000d\000\040\000o\000s\000c\000i\000l\000l\000a\000t\000o\000r\000-\000s\000y\000n\000c\000h\000r\000o\000n\000i\000z\000a\000t\000i\000o\000n}{chapter.2}% 9
\BOOKMARK [2][-]{subsection.2.3.1}{\376\377\000P\000h\000a\000s\000e\000-\000a\000d\000j\000u\000s\000t\000m\000e\000n\000t}{section.2.3}% 10
\BOOKMARK [2][-]{subsection.2.3.2}{\376\377\000F\000r\000e\000q\000u\000e\000n\000c\000y\000-\000a\000d\000j\000u\000s\000t\000m\000e\000n\000t}{section.2.3}% 11
\BOOKMARK [1][-]{section.2.4}{\376\377\000M\000u\000s\000i\000c\000a\000l\000\040\000r\000o\000b\000o\000t\000s\000\040\000i\000n\000\040\000m\000u\000s\000i\000c\000\040\000t\000e\000c\000h\000n\000o\000l\000o\000g\000y\000\040\000s\000y\000s\000t\000e\000m\000s}{chapter.2}% 12
\BOOKMARK [0][-]{chapter.3}{\376\377\000B\000a\000s\000e\000l\000i\000n\000e\000\040\000a\000n\000d\000\040\000b\000e\000n\000c\000h\000m\000a\000r\000k}{}% 13
\BOOKMARK [1][-]{section.3.1}{\376\377\000K\000.\000\040\000N\000y\000m\000o\000e\000n\000'\000s\000\040\000b\000i\000-\000d\000i\000r\000e\000c\000t\000i\000o\000n\000a\000l\000\040\000p\000h\000a\000s\000e\000-\000a\000d\000j\000u\000s\000t\000m\000e\000n\000t}{chapter.3}% 14
\BOOKMARK [1][-]{section.3.2}{\376\377\000K\000.\000\040\000N\000y\000m\000o\000e\000n\000'\000s\000\040\000m\000i\000d\000d\000l\000e\000\040\000S\000A\000-\000l\000e\000v\000e\000l\000e\000d\000\040\000f\000r\000e\000q\000u\000e\000n\000c\000y\000-\000a\000d\000j\000u\000s\000t\000m\000e\000n\000t}{chapter.3}% 15
\BOOKMARK [2][-]{subsection.3.2.1}{\376\377\000S\000t\000e\000p\000\040\0001\000:\000\040\000t\000h\000e\000\040\000`\000`\000i\000n\000/\000o\000u\000t\000-\000o\000f\000\040\000s\000y\000n\000c\000h\000'\000'\000\040\000e\000r\000r\000o\000r\000-\000m\000e\000a\000s\000u\000r\000e\000m\000e\000n\000t\000/\000-\000s\000c\000o\000r\000e\000,\000\040\000\050\000\050\000t\000\051\000\051}{section.3.2}% 16
\BOOKMARK [2][-]{subsection.3.2.2}{\376\377\000S\000t\000e\000p\000\040\0002\000:\000\040\000T\000h\000e\000\040\000f\000i\000r\000s\000t\000\040\000s\000e\000l\000f\000-\000a\000w\000a\000r\000e\000n\000e\000s\000s\000\040\000c\000o\000m\000p\000o\000n\000e\000n\000t\000,\000\040\000s\000\050\000n\000\051}{section.3.2}% 17
\BOOKMARK [2][-]{subsection.3.2.3}{\376\377\000S\000t\000e\000p\000\040\0003\000:\000\040\000f\000r\000e\000q\000u\000e\000n\000c\000y\000\040\000u\000p\000d\000a\000t\000e\000\040\000a\000m\000p\000l\000i\000t\000u\000d\000e\000-\000\040\000\046\000\040\000s\000i\000g\000n\000-\000f\000a\000c\000t\000o\000r\000,\000\040\000\050\000n\000\051}{section.3.2}% 18
\BOOKMARK [2][-]{subsection.3.2.4}{\376\377\000S\000t\000e\000p\000\040\0004\000:\000\040\000t\000h\000e\000\040\000H\000-\000v\000a\000l\000u\000e\000,\000\040\000a\000n\000d\000\040\000t\000h\000e\000\040\000H\000\050\000n\000\051\000-\000l\000i\000s\000t}{section.3.2}% 19
\BOOKMARK [2][-]{subsection.3.2.5}{\376\377\000T\000h\000e\000\040\000f\000i\000n\000a\000l\000\040\000s\000t\000e\000p\000:\000\040\000t\000h\000e\000\040\000f\000r\000e\000q\000u\000e\000n\000c\000y\000\040\000u\000p\000d\000a\000t\000e\000\040\000f\000u\000n\000c\000t\000i\000o\000n\000,\000\040\000i\000\050\000t\000+\000\051}{section.3.2}% 20
\BOOKMARK [0][-]{chapter.4}{\376\377\000T\000o\000o\000l\000s\000\040\000a\000n\000d\000\040\000s\000o\000f\000t\000w\000a\000r\000e}{}% 21
\BOOKMARK [0][-]{chapter.5}{\376\377\000I\000m\000p\000l\000e\000m\000e\000n\000t\000a\000t\000i\000o\000n}{}% 22
\BOOKMARK [1][-]{section.5.1}{\376\377\000S\000i\000m\000u\000l\000a\000t\000o\000r\000\040\000s\000e\000t\000u\000p\000:\000\040\000t\000h\000e\000\040\000m\000u\000s\000i\000c\000a\000l\000\040\000m\000u\000l\000t\000i\000-\000r\000o\000b\000o\000t\000\040\000c\000o\000l\000l\000e\000c\000t\000i\000v\000e}{chapter.5}% 23
\BOOKMARK [2][-]{subsection.5.1.1}{\376\377\000T\000h\000e\000\040\000i\000n\000d\000i\000v\000i\000d\000u\000a\000l\000\040\000a\000g\000e\000n\000t\000:\000\040\000a\000\040\000m\000u\000s\000i\000c\000a\000l\000\040\000r\000o\000b\000o\000t}{section.5.1}% 24
\BOOKMARK [2][-]{subsection.5.1.2}{\376\377\000R\000o\000b\000o\000t\000\040\000c\000o\000m\000m\000u\000n\000i\000c\000a\000t\000i\000o\000n\000:\000\040\000t\000h\000e\000\040\000`\000`\000f\000i\000r\000e\000'\000'\000-\000s\000i\000g\000n\000a\000l}{section.5.1}% 25
\BOOKMARK [1][-]{section.5.2}{\376\377\000S\000y\000n\000c\000h\000r\000o\000n\000i\000z\000i\000n\000g\000\040\000o\000s\000c\000i\000l\000l\000a\000t\000o\000r\000-\000p\000h\000a\000s\000e\000s}{chapter.5}% 26
\BOOKMARK [2][-]{subsection.5.2.1}{\376\377\000M\000i\000r\000o\000l\000l\000o\000-\000S\000t\000r\000o\000g\000a\000t\000z\000'\000s\000\040\000`\000`\000s\000t\000a\000n\000d\000a\000r\000d\000'\000'\000\040\000p\000h\000a\000s\000e\000-\000a\000d\000j\000u\000s\000t\000m\000e\000n\000t}{section.5.2}% 27
\BOOKMARK [2][-]{subsection.5.2.2}{\376\377\000K\000.\000\040\000N\000y\000m\000o\000e\000n\000'\000s\000\040\000b\000i\000-\000d\000i\000r\000e\000c\000t\000i\000o\000n\000a\000l\000\040\000p\000h\000a\000s\000e\000-\000a\000d\000j\000u\000s\000t\000m\000e\000n\000t}{section.5.2}% 28
\BOOKMARK [2][-]{subsection.5.2.3}{\376\377\000T\000h\000o\000r\000v\000a\000l\000d\000s\000e\000n\000'\000s\000\040\000s\000e\000l\000f\000-\000a\000w\000a\000r\000e\000\040\000p\000h\000a\000s\000e\000-\000a\000d\000j\000u\000s\000t\000m\000e\000n\000t}{section.5.2}% 29
\BOOKMARK [1][-]{section.5.3}{\376\377\000S\000y\000n\000c\000h\000r\000o\000n\000i\000z\000i\000n\000g\000\040\000o\000s\000c\000i\000l\000l\000a\000t\000o\000r\000-\000f\000r\000e\000q\000u\000e\000n\000c\000i\000e\000s}{chapter.5}% 30
\BOOKMARK [2][-]{subsection.5.3.1}{\376\377\000K\000.\000\040\000N\000y\000m\000o\000e\000n\000'\000s\000\040\000m\000i\000d\000d\000l\000e\000\040\000S\000A\000-\000l\000e\000v\000e\000l\000e\000d\000\040\000f\000r\000e\000q\000u\000e\000n\000c\000y\000-\000a\000d\000j\000u\000s\000t\000m\000e\000n\000t}{section.5.3}% 31
\BOOKMARK [2][-]{subsection.5.3.2}{\376\377\000T\000h\000o\000r\000v\000a\000l\000d\000s\000e\000n\000'\000s\000\040\000h\000i\000g\000h\000\040\000S\000A\000-\000l\000e\000v\000e\000l\000e\000d\000\040\000f\000r\000e\000q\000u\000e\000n\000c\000y\000-\000a\000d\000j\000u\000s\000t\000m\000e\000n\000t}{section.5.3}% 32
\BOOKMARK [1][-]{section.5.4}{\376\377\000S\000y\000s\000t\000e\000m\000\040\000t\000a\000r\000g\000e\000t\000\040\000s\000t\000a\000t\000e\000:\000\040\000h\000a\000r\000m\000o\000n\000i\000c\000\040\000s\000y\000n\000c\000h\000r\000o\000n\000y}{chapter.5}% 33
\BOOKMARK [1][-]{section.5.5}{\376\377\000P\000e\000r\000f\000o\000r\000m\000a\000n\000c\000e\000-\000m\000e\000a\000s\000u\000r\000e\000:\000\040\000t\000i\000m\000e\000\040\000u\000n\000t\000i\000l\000\040\000s\000y\000s\000t\000e\000m\000\040\000t\000a\000r\000g\000e\000t\000\040\000s\000t\000a\000t\000e\000\040\000o\000f\000\040\000h\000a\000r\000m\000o\000n\000i\000c\000\040\000s\000y\000n\000c\000h\000r\000o\000n\000y\000\040\000i\000s\000\040\000d\000e\000t\000e\000c\000t\000e\000d}{chapter.5}% 34
\BOOKMARK [0][-]{chapter.6}{\376\377\000E\000x\000p\000e\000r\000i\000m\000e\000n\000t\000s\000\040\000a\000n\000d\000\040\000r\000e\000s\000u\000l\000t\000s}{}% 35
\BOOKMARK [1][-]{section.6.1}{\376\377\000S\000o\000l\000v\000i\000n\000g\000\040\000t\000h\000e\000\040\000s\000i\000m\000p\000l\000e\000r\000\040\000-\000p\000r\000o\000b\000l\000e\000m}{chapter.6}% 36
\BOOKMARK [1][-]{section.6.2}{\376\377\000S\000o\000l\000v\000i\000n\000g\000\040\000t\000h\000e\000\040\000h\000a\000r\000d\000e\000r\000\040\000\046\000-\000p\000r\000o\000b\000l\000e\000m}{chapter.6}% 37
\BOOKMARK [0][-]{chapter.7}{\376\377\000C\000o\000n\000c\000l\000u\000s\000i\000o\000n\000s}{}% 38
